<?xml version="1.0" encoding="UTF-8" standalone="no"?>
<testsuite failures="0" name="cucumber.runtime.formatter.JUnitFormatter" skipped="0" tests="2" time="11.256273">
<testcase classname="Free CRM Login Feature" name="Free CRM Login Test Scenario" time="5.96084">
<system-out><![CDATA[Given User is already on Login Page.........................................passed
When Title of Login Page is Free CRM........................................passed
Then User enters username and password......................................passed
Then User clicks on Login Button............................................passed
Then User is on Home Page...................................................passed
Then user close Browser.....................................................passed
]]></system-out>
</testcase>
<testcase classname="Free CRM Login Feature" name="Second Free CRM Login Test Scenario" time="5.295433">
<system-out><![CDATA[Given User is already on Login Page.........................................passed
When Title of Login Page is Free CRM........................................passed
Then User enters username and password......................................passed
Then User clicks on Login Button............................................passed
Then User is on Home Page...................................................passed
Then user close Browser.....................................................passed
]]></system-out>
</testcase>
</testsuite>
